......................................
2021/01/30 21:52:06 0: "i have met them at close of day" "I have met them at close of day"
2021/01/30 21:52:06 1: "coming with vivid faces" "Coming with vivid faces"
2021/01/30 21:52:06 2: "from counter or desk among grey" "From counter or desk among grey"
2021/01/30 21:52:06 3: "eighteenth-century houses." "Eighteenth-century houses."
2021/01/30 21:52:06 4: "i have passed with a nod of the h  6" "I have passed with a nod of the head"
2021/01/30 21:52:06 5: "or polite meaningless words," "Or polite meaningless words,"
2021/01/30 21:52:06 6: "or have lingered awhile and said" "Or have lingered awhile and said"
2021/01/30 21:52:06 7: "polite meaningless words," "Polite meaningless words,"
2021/01/30 21:52:06 8: "and thought before I had done" "And thought before I had done"
2021/01/30 21:52:06 9: "of a mocking tale or a gibe" "Of a mocking tale or a gibe"
2021/01/30 21:52:06 10: "to please a companion" "To please a companion"
2021/01/30 21:52:06 11: "around the fire at the club," "Around the fire at the club,"
2021/01/30 21:52:06 12: "being certain that they and I" "Being certain that they and I"
2021/01/30 21:52:06 13: "but lived where motley is worn:" "But lived where motley is worn:"
2021/01/30 21:52:06 14: "all changed, changed utterly:" "All changed, changed utterly:"
2021/01/30 21:52:06 15: "a terrible beauty is born." "A terrible beauty is born."
2021/01/30 21:52:06 16: "that woman's days were spent" "That woman's days were spent"
2021/01/30 21:52:06 17: "in ignorant good will," "In ignorant good will,"
2021/01/30 21:52:06 18: "her nights in argument" "Her nights in argument"
2021/01/30 21:52:06 19: "until her voice grew shrill." "Until her voice grew shrill."
2021/01/30 21:52:06 20: "what voice more sweet than hers" "What voice more sweet than hers"
2021/01/30 21:52:06 21: "when young and beautiful," "When young and beautiful,"
2021/01/30 21:52:06 22: "she rode to harriers?" "She rode to harriers?"
2021/01/30 21:52:06 23: "this man had kept a school" "This man had kept a school"
2021/01/30 21:52:06 24: "and rode our winged horse." "And rode our winged horse."
2021/01/30 21:52:06 25: "this other his helper and friend" "This other his helper and friend"
2021/01/30 21:52:06 26: "was coming into his force;" "Was coming into his force;"
2021/01/30 21:52:06 27: "he might have won fame in the endi" "He might have won fame in the end,"
2021/01/30 21:52:06 28: "so sensitive his nature seemed," "So sensitive his nature seemed,"
2021/01/30 21:52:06 29: "so daring and sweet his thought." "So daring and sweet his thought."
2021/01/30 21:52:06 30: "this other man I had dreamed" "This other man I had dreamed"
2021/01/30 21:52:06 31: "a drunken, vain-glorious lout." "A drunken, vain-glorious lout."
2021/01/30 21:52:06 32: "he had done most bitter wrong" "He had done most bitter wrong"
2021/01/30 21:52:06 33: "to some who are near my heart," "To some who are near my heart,"
2021/01/30 21:52:06 34: "yet I number him in the song;" "Yet I number him in the song;"
2021/01/30 21:52:06 35: "he, too, has resigned his part" "He, too, has resigned his part"
2021/01/30 21:52:06 36: "in the casual comedy;" "In the casual comedy;"
2021/01/30 21:52:06 37: "he, too, has been changed in his 14   " "He, too, has been changed in his turn,"
2021/01/30 21:52:06 38: "transformed utterly:" "Transformed utterly:"
2021/01/30 21:52:06 39: "a terrible beauty is born." "A terrible beauty is born."
