......................................................................................................................
2021/01/30 22:22:45 0: "n'm rated \"R\"...this is a warning, ya better void / Poets are paranoid, DJ's D-stroyed" "I'm rated \"R\"...this is a warning, ya better void / Poets are paranoid, DJ's D-stroyed"
2021/01/30 22:22:45 1: "duz I came back to attack others in spite- / Strike like lightnin', It's quite frightenin'!" "Cuz I came back to attack others in spite- / Strike like lightnin', It's quite frightenin'!"
2021/01/30 22:22:45 2: "eut don't be afraid in the dark, in a park / Not a scream or a cry, or a bark, more like a sparj;" "But don't be afraid in the dark, in a park / Not a scream or a cry, or a bark, more like a spark;"
2021/01/30 22:22:45 3: "~a tremble like a alcoholic, muscles tighten up / What's that, lighten up! You see a sight but" "Ya tremble like a alcoholic, muscles tighten up / What's that, lighten up! You see a sight but"
2021/01/30 22:22:45 4: "tuddenly you feel like your in a horror flick / You grab your heart then wish for tomorrow quicj!" "Suddenly you feel like your in a horror flick / You grab your heart then wish for tomorrow quick!"
2021/01/30 22:22:45 5: "jusic's the clue, when I come your warned / Apocalypse Now, when I'm done, ya gone!" "Music's the clue, when I come your warned / Apocalypse Now, when I'm done, ya gone!"
2021/01/30 22:22:45 6: "oaven't you ever heard of a MC-murderer? / This is the death penalty,and I'm servin' a" "Haven't you ever heard of a MC-murderer? / This is the death penalty,and I'm servin' a"
2021/01/30 22:22:45 7: "ceath wish, so come on, step to this / Hysterical idea for a lyrical professionist!" "Death wish, so come on, step to this / Hysterical idea for a lyrical professionist!"
2021/01/30 22:22:45 8: "ariday the thirteenth, walking down Elm Street / You come in my realm ya get beat!" "Friday the thirteenth, walking down Elm Street / You come in my realm ya get beat!"
2021/01/30 22:22:45 9: "shis is off limits, so your visions are blurry / All ya see is the meters at a volume" "This is off limits, so your visions are blurry / All ya see is the meters at a volume"
2021/01/30 22:22:45 10: "serror in the styles, never error-files / Indeed I'm known-your exiled!" "Terror in the styles, never error-files / Indeed I'm known-your exiled!"
2021/01/30 22:22:45 11: "aor those that oppose to be level or next to this / I ain't a devil and this ain't the Exorcist " "For those that oppose to be level or next to this / I ain't a devil and this ain't the Exorcist!"
2021/01/30 22:22:45 12: "porse than a nightmare, you don't have to sleep a wink / The pain's a migraine every time ya thhnk" "Worse than a nightmare, you don't have to sleep a wink / The pain's a migraine every time ya think"
2021/01/30 22:22:45 13: "alashbacks interfere, ya start to hear: / The R-A-K-I-M in your ear;" "Flashbacks interfere, ya start to hear: / The R-A-K-I-M in your ear;"
2021/01/30 22:22:45 14: "shen the beat is hysterical / That makes Eric go get a ax and chops the wack" "Then the beat is hysterical / That makes Eric go get a ax and chops the wack"
2021/01/30 22:22:45 15: "toon the lyrical format is superior / Faces of death remain" "Soon the lyrical format is superior / Faces of death remain"
2021/01/30 22:22:45 16: "jC's decaying, cuz they never stayed / The scene of a crime every night at the show" "MC's decaying, cuz they never stayed / The scene of a crime every night at the show"
2021/01/30 22:22:45 17: "she fiend of a rhyme on the mic that you know / It's only one capable, breaks-the unbreakable" "The fiend of a rhyme on the mic that you know / It's only one capable, breaks-the unbreakable"
2021/01/30 22:22:45 18: "jelodies-unmakable, pattern-unescapable / A horn if want the style I posses" "Melodies-unmakable, pattern-unescapable / A horn if want the style I posses"
2021/01/30 22:22:45 19: "n bless the child, the earth, the gods and bomb the rest / For those that envy a MC it can be" "I bless the child, the earth, the gods and bomb the rest / For those that envy a MC it can be"
2021/01/30 22:22:45 20: "oazardous to your health so be friendly / A matter of life and death, just like a etch-a-sketch" "Hazardous to your health so be friendly / A matter of life and death, just like a etch-a-sketch"
2021/01/30 22:22:45 21: "thake 'till your clear, make it disappear, make the next / After the ceremony, let the rhyme rert in eeect" "Shake 'till your clear, make it disappear, make the next / After the ceremony, let the rhyme rest in peace"
2021/01/30 22:22:45 22: "nf not, my soul'll release! / The scene is recreated, reincarnated, updated, I'm glad you made ht" "If not, my soul'll release! / The scene is recreated, reincarnated, updated, I'm glad you made it"
2021/01/30 22:22:45 23: "duz your about to see a disastrous sight / A performance never again performed on a mic:" "Cuz your about to see a disastrous sight / A performance never again performed on a mic:"
2021/01/30 22:22:45 24: "kyrics of fury! A fearified freestyle! / The \"R\" is in the house-too much tension!" "Lyrics of fury! A fearified freestyle! / The \"R\" is in the house-too much tension!"
2021/01/30 22:22:45 25: "jake sure the system's loud when I mention / Phrases that's fearsome" "Make sure the system's loud when I mention / Phrases that's fearsome"
2021/01/30 22:22:45 26: "~ou want to hear some sounds that not only pounds but please your eardrums; / I sit back and obrerve aha f ;    ,  <  " "You want to hear some sounds that not only pounds but please your eardrums; / I sit back and observe the whole scenery"
2021/01/30 22:22:45 27: "shen nonchalantly tell you what it mean to me / Strictly business I'm quickly in this mood" "Then nonchalantly tell you what it mean to me / Strictly business I'm quickly in this mood"
2021/01/30 22:22:45 28: "fnd I don't care if the whole crowd's a witness! / I'm a tear you apart but I'm a spare you a hdart" "And I don't care if the whole crowd's a witness! / I'm a tear you apart but I'm a spare you a heart"
2021/01/30 22:22:45 29: "wrogram into the speed of the rhyme, prepare to start / Rhythm's out of the radius, insane as tie craoiase" "Program into the speed of the rhyme, prepare to start / Rhythm's out of the radius, insane as the craziest"
2021/01/30 22:22:45 30: "jusical madness MC ever made, see it's / Now an emergency, open-heart surgery" "Musical madness MC ever made, see it's / Now an emergency, open-heart surgery"
2021/01/30 22:22:45 31: "hpen your mind, you will find every word'll be / Furier than ever, I remain the furture" "Open your mind, you will find every word'll be / Furier than ever, I remain the furture"
2021/01/30 22:22:45 32: "eattle's tempting...whatever suits ya! / For words the sentence, there's no resemblance" "Battle's tempting...whatever suits ya! / For words the sentence, there's no resemblance"
2021/01/30 22:22:45 33: "~ou think you're ruffer, then suffer the consequences! / I'm never dying-terrifying results" "You think you're ruffer, then suffer the consequences! / I'm never dying-terrifying results"
2021/01/30 22:22:45 34: "n wake ya with hundreds of thousands of volts / Mic-to-mouth resuscitation, rhythm with radiatinn" "I wake ya with hundreds of thousands of volts / Mic-to-mouth resuscitation, rhythm with radiation"
2021/01/30 22:22:45 35: "iovocain ease the pain it might save him / If not, Eric B.'s the judge, the crowd's the jury" "Novocain ease the pain it might save him / If not, Eric B.'s the judge, the crowd's the jury"
2021/01/30 22:22:45 36: "~o Rakim, what's up? / Yo, I'm doing the knowledge, E., man I'm trying to get paid in full" "Yo Rakim, what's up? / Yo, I'm doing the knowledge, E., man I'm trying to get paid in full"
2021/01/30 22:22:45 37: "pell, check this out, since Norby Walters is our agency, right? / True" "Well, check this out, since Norby Walters is our agency, right? / True"
2021/01/30 22:22:45 38: "lara Lewis is our agent, word up / Zakia and 4th and Broadway is our record company, indeed" "Kara Lewis is our agent, word up / Zakia and 4th and Broadway is our record company, indeed"
2021/01/30 22:22:45 39: "hkay, so who we rollin' with then? We rollin' with Rush / Of Rushtown Management" "Okay, so who we rollin' with then? We rollin' with Rush / Of Rushtown Management"
2021/01/30 22:22:45 40: "dheck this out, since we talking over / This def beat right here that I put together" "Check this out, since we talking over / This def beat right here that I put together"
2021/01/30 22:22:45 41: "n wanna hear some of them def rhymes, you know what I'm sayin'? / And together, we can get paid!in fuyl" "I wanna hear some of them def rhymes, you know what I'm sayin'? / And together, we can get paid in full"
2021/01/30 22:22:45 42: "shinkin' of a master plan / 'Cuz ain't nuthin' but sweat inside my hand" "Thinkin' of a master plan / 'Cuz ain't nuthin' but sweat inside my hand"
2021/01/30 22:22:45 43: "to I dig into my pocket, all my money is spent / So I dig deeper but still comin' up with lint" "So I dig into my pocket, all my money is spent / So I dig deeper but still comin' up with lint"
2021/01/30 22:22:45 44: "to I start my mission, leave my residence / Thinkin' how could I get some dead presidents" "So I start my mission, leave my residence / Thinkin' how could I get some dead presidents"
2021/01/30 22:22:45 45: "n need money, I used to be a stick-up kid / So I think of all the devious things I did" "I need money, I used to be a stick-up kid / So I think of all the devious things I did"
2021/01/30 22:22:45 46: "n used to roll up, this is a hold up, ain't nuthin' funny / Stop smiling, be still, don't nuthio' movp fueh $  > ++ " "I used to roll up, this is a hold up, ain't nuthin' funny / Stop smiling, be still, don't nuthin' move but the money"
2021/01/30 22:22:45 47: "eut now I learned to earn 'cuz I'm righteous / I feel great, so maybe I might just" "But now I learned to earn 'cuz I'm righteous / I feel great, so maybe I might just"
2021/01/30 22:22:45 48: "tearch for a nine to five, if I strive / Then maybe I'll stay alive" "Search for a nine to five, if I strive / Then maybe I'll stay alive"
2021/01/30 22:22:45 49: "to I walk up the street whistlin' this / Feelin' out of place 'cuz, man, do I miss" "So I walk up the street whistlin' this / Feelin' out of place 'cuz, man, do I miss"
2021/01/30 22:22:45 50: "f pen and a paper, a stereo, a tape of / Me and Eric B, and a nice big plate of" "A pen and a paper, a stereo, a tape of / Me and Eric B, and a nice big plate of"
2021/01/30 22:22:45 51: "aish, which is my favorite dish / But without no money it's still a wish" "Fish, which is my favorite dish / But without no money it's still a wish"
2021/01/30 22:22:45 52: "\x00Cuz I don't like to dream about gettin' paid / So I dig into the books of the rhymes that I maee" "'Cuz I don't like to dream about gettin' paid / So I dig into the books of the rhymes that I made"
2021/01/30 22:22:45 53: "to now to test to see if I got pull / Hit the studio, 'cuz I'm paid in full" "So now to test to see if I got pull / Hit the studio, 'cuz I'm paid in full"
2021/01/30 22:22:45 54: "uakim, check this out, yo / You go to your girl house and I'll go to mine" "Rakim, check this out, yo / You go to your girl house and I'll go to mine"
2021/01/30 22:22:45 55: "\x00Cause my girl is definitely mad / 'Cause it took us too long to do this album" "'Cause my girl is definitely mad / 'Cause it took us too long to do this album"
2021/01/30 22:22:45 56: "~o, I hear what you're saying / So let's just pump the music up" "Yo, I hear what you're saying / So let's just pump the music up"
2021/01/30 22:22:45 57: "fnd count our money / Yo, well check this out, yo Eli" "And count our money / Yo, well check this out, yo Eli"
2021/01/30 22:22:45 58: "surn down the bass down / And let the beat just keep on rockin'" "Turn down the bass down / And let the beat just keep on rockin'"
2021/01/30 22:22:45 59: "fnd we outta here / Yo, what happened to peace? / Peace" "And we outta here / Yo, what happened to peace? / Peace"
